=== Log Entry ===
Timestamp: 2025/05/24 21:48:49
Level: Info
Module: System
ErrorCode: NONE
Message: 開始: Pesterテスト実行 (Scope: All)
LogDirectory: Logs\RunLogs
CallStack: 
Command                   Arguments                                          Location                          
-------                   ---------                                          --------                          
Write-Log                 {Message=開始: Pesterテスト実行 (Scope: All), Level=Info} Logging.ps1: line 65              
Invoke-FullValidation.ps1 {Scope=All, ReportFormat=HTML}                     Invoke-FullValidation.ps1: line 71



PSVersion: 5.1.26100.4061
RunAsUser: KENSANG196948\kensa
================
=== Log Entry ===
Timestamp: 2025/05/24 21:51:07
Level: Info
Module: System
ErrorCode: NONE
Message: 開始: Pesterテスト実行 (Scope: Core)
LogDirectory: Logs\RunLogs
CallStack: 
Command                   Arguments                                           Location                          
-------                   ---------                                           --------                          
Write-Log                 {Message=開始: Pesterテスト実行 (Scope: Core), Level=Info} Logging.ps1: line 65              
Invoke-FullValidation.ps1 {Scope=Core, ReportFormat=HTML}                     Invoke-FullValidation.ps1: line 88



PSVersion: 5.1.26100.4061
RunAsUser: KENSANG196948\kensa
================
=== Log Entry ===
Timestamp: 2025/05/24 21:51:09
Level: Info
Module: System
ErrorCode: NONE
Message: at <ScriptBlock>, E:\MicrosoftAutoMationManagementTools\Tools\Invoke-FullValidation.ps1: line 89
LogDirectory: Logs\RunLogs
CallStack: 
Command                   Arguments                                                                                    
-------                   ---------                                                                                    
Write-Log                 {Message=at <ScriptBlock>, E:\MicrosoftAutoMationManagementTools\Tools\Invoke-FullValidati...
Invoke-FullValidation.ps1 {Scope=Core, ReportFormat=HTML}                                                              



PSVersion: 5.1.26100.4061
RunAsUser: KENSANG196948\kensa
================
=== Log Entry ===
Timestamp: 2025/05/24 21:52:25
Level: Info
Module: System
ErrorCode: NONE
Message: 開始: Pesterテスト実行 (Scope: Core)
LogDirectory: Logs\RunLogs
CallStack: 
Command                   Arguments                                           Location                          
-------                   ---------                                           --------                          
Write-Log                 {Message=開始: Pesterテスト実行 (Scope: Core), Level=Info} Logging.ps1: line 65              
Invoke-FullValidation.ps1 {Scope=Core, ReportFormat=HTML}                     Invoke-FullValidation.ps1: line 90



PSVersion: 5.1.26100.4061
RunAsUser: KENSANG196948\kensa
================
=== Log Entry ===
Timestamp: 2025/05/24 21:52:29
Level: Info
Module: System
ErrorCode: NONE
Message: 完了: Pesterテスト実行
LogDirectory: Logs\RunLogs
CallStack: 
Command                   Arguments                             Location                          
-------                   ---------                             --------                          
Write-Log                 {Message=完了: Pesterテスト実行, Level=Info} Logging.ps1: line 65              
Invoke-FullValidation.ps1 {Scope=Core, ReportFormat=HTML}       Invoke-FullValidation.ps1: line 98



PSVersion: 5.1.26100.4061
RunAsUser: KENSANG196948\kensa
================
=== Log Entry ===
Timestamp: 2025/05/24 21:52:29
Level: Info
Module: System
ErrorCode: NONE
Message: 開始: 環境検証スクリプト実行
LogDirectory: Logs\RunLogs
CallStack: 
Command                   Arguments                             Location                           
-------                   ---------                             --------                           
Write-Log                 {Message=開始: 環境検証スクリプト実行, Level=Info} Logging.ps1: line 65               
Invoke-FullValidation.ps1 {Scope=Core, ReportFormat=HTML}       Invoke-FullValidation.ps1: line 111



PSVersion: 5.1.26100.4061
RunAsUser: KENSANG196948\kensa
================
=== Log Entry ===
Timestamp: 2025/05/24 21:52:29
Level: Info
Module: System
ErrorCode: NONE
Message: 完了: 環境検証スクリプト実行
LogDirectory: Logs\RunLogs
CallStack: 
Command                   Arguments                             Location                           
-------                   ---------                             --------                           
Write-Log                 {Message=完了: 環境検証スクリプト実行, Level=Info} Logging.ps1: line 65               
Invoke-FullValidation.ps1 {Scope=Core, ReportFormat=HTML}       Invoke-FullValidation.ps1: line 133



PSVersion: 5.1.26100.4061
RunAsUser: KENSANG196948\kensa
================
=== Log Entry ===
Timestamp: 2025/05/24 21:52:29
Level: Info
Module: System
ErrorCode: NONE
Message: 開始: セキュリティスキャン
LogDirectory: Logs\RunLogs
CallStack: 
Command                   Arguments                            Location                           
-------                   ---------                            --------                           
Write-Log                 {Message=開始: セキュリティスキャン, Level=Info} Logging.ps1: line 65               
Invoke-FullValidation.ps1 {Scope=Core, ReportFormat=HTML}      Invoke-FullValidation.ps1: line 136



PSVersion: 5.1.26100.4061
RunAsUser: KENSANG196948\kensa
================
=== Log Entry ===
Timestamp: 2025/05/24 21:52:32
Level: Info
Module: System
ErrorCode: NONE
Message: at <ScriptBlock>, E:\MicrosoftAutoMationManagementTools\Tools\Invoke-FullValidation.ps1: line 138
LogDirectory: Logs\RunLogs
CallStack: 
Command                   Arguments                                                                                    
-------                   ---------                                                                                    
Write-Log                 {Message=at <ScriptBlock>, E:\MicrosoftAutoMationManagementTools\Tools\Invoke-FullValidati...
Invoke-FullValidation.ps1 {Scope=Core, ReportFormat=HTML}                                                              



PSVersion: 5.1.26100.4061
RunAsUser: KENSANG196948\kensa
================
