[2025-05-21 18:40:35] [Info] Test Info Log
[2025-05-21 18:41:19] [Info] Test Info Log
[2025-05-21 19:22:23] [Info] グループ管理メニューを選択しました。
[2025-05-21 19:22:31] [Info] Exchange Online 管理メニューを選択しました。
[2025-05-21 19:22:39] [Info] ユーザー管理メニューを選択しました。
[2025-05-21 19:22:42] [Info] ユーザー管理サブメニューを終了し、メインメニューに戻ります。
[2025-05-21 19:23:35] [Warning] 無効な選択肢が入力されました: q
[2025-05-21 19:23:38] [Info] CLIメニューを終了します。
[2025-05-21 19:23:45] [Info] ユーザー管理メニューを選択しました。
[2025-05-21 19:23:47] [Info] ユーザー管理サブメニューを終了し、メインメニューに戻ります。
[2025-05-21 19:23:49] [Info] グループ管理メニューを選択しました。
[2025-05-21 19:23:53] [Info] グループ管理サブメニューを終了し、メインメニューに戻ります。
[2025-05-21 19:23:55] [Info] Exchange Online 管理メニューを選択しました。
[2025-05-21 19:23:59] [Info] Exchange Online 管理サブメニューを終了し、メインメニューに戻ります。
[2025-05-21 19:24:01] [Info] OneDrive/Teams 管理メニューを選択しました。
[2025-05-21 19:24:08] [Info] OneDrive/Teams 管理サブメニューを終了し、メインメニューに戻ります。
[2025-05-21 19:24:11] [Info] ライセンス管理メニューを選択しました。
[2025-05-21 19:24:18] [Info] ライセンス管理サブメニューを終了し、メインメニューに戻ります。
[2025-05-21 19:24:22] [Info] レポート生成メニューを選択しました。
[2025-05-21 19:24:26] [Info] レポート生成サブメニューを終了し、メインメニューに戻ります。
[2025-05-21 19:24:29] [Info] ツール機能メニューを選択しました。
[2025-05-21 19:24:35] [Info] ツール機能サブメニューを終了し、メインメニューに戻ります。
[2025-05-21 19:24:39] [Info] CLIメニューを終了します。
[2025-05-21 19:52:25] [Info] ユーザー管理メニューを選択しました。
[2025-05-21 19:52:28] [Info] ユーザー管理サブメニューを終了し、メインメニューに戻ります。
[2025-05-21 19:52:31] [Info] グループ管理メニューを選択しました。
[2025-05-21 19:52:36] [Info] グループ管理サブメニューを終了し、メインメニューに戻ります。
[2025-05-21 19:52:37] [Info] Exchange Online 管理メニューを選択しました。
[2025-05-21 19:52:41] [Info] Exchange Online 管理サブメニューを終了し、メインメニューに戻ります。
[2025-05-21 19:52:44] [Info] OneDrive/Teams 管理メニューを選択しました。
[2025-05-21 19:52:46] [Info] OneDrive/Teams 管理サブメニューを終了し、メインメニューに戻ります。
[2025-05-21 19:52:49] [Info] ライセンス管理メニューを選択しました。
[2025-05-21 19:52:51] [Info] ライセンス管理サブメニューを終了し、メインメニューに戻ります。
[2025-05-21 19:52:53] [Info] レポート生成メニューを選択しました。
[2025-05-21 19:52:55] [Info] レポート生成サブメニューを終了し、メインメニューに戻ります。
[2025-05-21 19:52:58] [Info] ツール機能メニューを選択しました。
[2025-05-21 19:53:00] [Info] ツール機能サブメニューを終了し、メインメニューに戻ります。
[2025-05-21 19:53:04] [Info] CLIメニューを終了します。
