[2025-05-23 08:21:24] [Info] ユーザー管理メニューを選択しました。
[2025-05-23 08:21:26] [Info] 新規ユーザー作成を選択しました。
[2025-05-23 08:21:46] [Info] ユーザー管理サブメニューを終了し、メインメニューに戻ります。
[2025-05-23 08:21:51] [Info] ユーザー管理メニューを選択しました。
[2025-05-23 08:22:59] [Info] ユーザー管理サブメニューを終了し、メインメニューに戻ります。
[2025-05-23 08:23:02] [Info] CLIメニューを終了します。
[2025-05-23 08:36:46] [Info] ユーザー管理メニューを選択しました。
[2025-05-23 08:36:48] [Info] 新規ユーザー作成を選択しました。
[2025-05-23 09:51:01] [Info] ユーザー管理サブメニューを終了し、メインメニューに戻ります。
[2025-05-23 09:51:03] [Info] ユーザー管理メニューを選択しました。
[2025-05-23 09:51:04] [Info] 新規ユーザー作成を選択しました。
[2025-05-23 09:53:05] [Info] ユーザー管理サブメニューを終了し、メインメニューに戻ります。
[2025-05-23 09:53:27] [Info] ユーザー管理メニューを選択しました。
[2025-05-23 09:54:26] [Info] ユーザー管理サブメニューを終了し、メインメニューに戻ります。
[2025-05-23 10:05:19] [Info] ユーザー管理メニューを選択しました。
[2025-05-23 10:05:21] [Info] 新規ユーザー作成を選択しました。
[2025-05-23 10:05:43] [Info] ユーザー情報変更を選択しました。
[2025-05-23 10:05:47] [Info] 新規ユーザー作成を選択しました。
[2025-05-23 10:05:57] [Info] 新規ユーザー作成を選択しました。
[2025-05-23 10:06:25] [Info] 新規ユーザー作成を選択しました。
[2025-05-23 10:06:43] [Info] 新規ユーザー作成を選択しました。
[2025-05-23 10:06:53] [Info] 新規ユーザー作成を選択しました。
[2025-05-23 10:07:05] [Info] 新規ユーザー作成を選択しました。
[2025-05-23 10:08:44] [Info] ユーザー管理サブメニューを終了し、メインメニューに戻ります。
[2025-05-23 10:08:46] [Info] CLIメニューを終了します。
[2025-05-23 10:38:54] [Info] ユーザー管理メニューを選択しました。
[2025-05-23 10:38:56] [Info] 新規ユーザー作成を選択しました。
[2025-05-23 10:39:35] [Info] ユーザー管理メニューを選択しました。
[2025-05-23 10:39:37] [Info] 新規ユーザー作成を選択しました。
[2025-05-23 10:49:51] [Warning] 無効な選択肢が入力されました: 
[2025-05-23 10:49:53] [Warning] 無効な選択肢が入力されました: 
[2025-05-23 10:49:56] [Info] ユーザー管理サブメニューを終了し、メインメニューに戻ります。
[2025-05-23 10:50:08] [Info] グループ管理メニューを選択しました。
[2025-05-23 10:50:18] [Info] グループ管理サブメニューを終了し、メインメニューに戻ります。
[2025-05-23 10:57:37] [Info] ユーザー管理メニューを選択しました。
[2025-05-23 10:57:39] [Info] 新規ユーザー作成を選択しました。
[2025-05-23 10:57:50] [Info] 新規ユーザー作成を選択しました。
[2025-05-23 10:57:58] [Warning] 無効な選択肢が入力されました: 
[2025-05-23 10:58:04] [Info] ユーザー情報変更を選択しました。
[2025-05-23 10:58:08] [Warning] 無効な選択肢が入力されました: 
[2025-05-23 10:58:34] [Info] 新規ユーザー作成を選択しました。
[2025-05-23 10:58:47] [Info] 新規ユーザー作成を選択しました。
[2025-05-23 11:00:07] [Warning] 無効な選択肢が入力されました: 
[2025-05-23 11:00:08] [Warning] 無効な選択肢が入力されました: 
[2025-05-23 11:00:12] [Info] 新規ユーザー作成を選択しました。
[2025-05-23 11:00:17] [Warning] 無効な選択肢が入力されました: 
[2025-05-23 11:00:30] [Info] ユーザー情報変更を選択しました。
[2025-05-23 11:00:40] [Warning] 無効な選択肢が入力されました: 
[2025-05-23 11:02:01] [Info] ユーザー管理サブメニューを終了し、メインメニューに戻ります。
[2025-05-23 11:10:08] [Info] ユーザー管理メニューを選択しました。
[2025-05-23 11:10:10] [Info] 新規ユーザー作成を選択しました。
[2025-05-23 11:10:18] [Warning] 無効な選択肢が入力されました: 
[2025-05-23 11:10:23] [Info] ユーザー管理サブメニューを終了し、メインメニューに戻ります。
[2025-05-23 11:10:24] [Info] CLIメニューを終了します。
[2025-05-23 11:10:38] [Info] ユーザー管理メニューを選択しました。
[2025-05-23 11:10:43] [Info] 新規ユーザー作成を選択しました。
[2025-05-23 11:11:42] [Info] 新規ユーザー作成を選択しました。
[2025-05-23 11:13:02] [Info] 新規ユーザー作成を選択しました。
[2025-05-23 11:17:27] [Warning] 無効な選択肢が入力されました: 
[2025-05-23 11:17:30] [Info] ユーザー管理サブメニューを終了し、メインメニューに戻ります。
[2025-05-23 11:17:36] [Info] CLIメニューを終了します。
[2025-05-23 11:17:51] [Info] ユーザー管理メニューを選択しました。
[2025-05-23 11:17:53] [Info] 新規ユーザー作成を選択しました。
[2025-05-23 11:18:01] [Warning] 無効な選択肢が入力されました: 
[2025-05-23 11:18:04] [Info] ユーザー管理サブメニューを終了し、メインメニューに戻ります。
[2025-05-23 11:18:05] [Info] CLIメニューを終了します。
[2025-05-23 11:19:30] [Info] ユーザー管理メニューを選択しました。
[2025-05-23 11:19:31] [Info] 新規ユーザー作成を選択しました。
[2025-05-23 11:19:42] [Warning] 無効な選択肢が入力されました: 
[2025-05-23 11:19:46] [Info] ユーザー情報変更を選択しました。
[2025-05-23 11:21:06] [Info] ユーザー情報変更を選択しました。
[2025-05-23 11:24:33] [Warning] 無効な選択肢が入力されました: 
[2025-05-23 11:24:36] [Info] 新規ユーザー作成を選択しました。
[2025-05-23 11:24:43] [Warning] 無効な選択肢が入力されました: 
[2025-05-23 11:24:45] [Info] ユーザー情報変更を選択しました。
[2025-05-23 11:24:55] [Warning] 無効な選択肢が入力されました: 
[2025-05-23 11:25:01] [Info] ユーザー管理サブメニューを終了し、メインメニューに戻ります。
[2025-05-23 11:25:03] [Info] CLIメニューを終了します。
[2025-05-23 11:27:23] [Info] ユーザー管理メニューを選択しました。
[2025-05-23 11:27:27] [Info] 新規ユーザー作成を選択しました。
[2025-05-23 11:27:34] [Warning] 無効な選択肢が入力されました: 
[2025-05-23 11:27:37] [Info] ユーザー情報変更を選択しました。
[2025-05-23 11:27:43] [Warning] 無効な選択肢が入力されました: 
[2025-05-23 11:27:47] [Info] ユーザー削除を選択しました。
[2025-05-23 11:39:24] [Info] ユーザー管理サブメニューを終了し、メインメニューに戻ります。
[2025-05-23 11:39:26] [Info] CLIメニューを終了します。
[2025-05-23 13:12:42] [Info] ユーザー管理メニューを選択しました。
[2025-05-23 13:12:44] [Info] 新規ユーザー作成を選択しました。
[2025-05-23 13:12:56] [Info] ユーザー情報変更を選択しました。
[2025-05-23 13:12:59] [Warning] 無効な選択肢が入力されました: 
[2025-05-23 13:13:02] [Info] ユーザー削除を選択しました。
[2025-05-23 13:27:27] [Warning] 無効な選択肢が入力されました: 9[
[2025-05-23 13:27:28] [Warning] 無効な選択肢が入力されました: 
[2025-05-23 13:27:31] [Info] ユーザー管理サブメニューを終了し、メインメニューに戻ります。
[2025-05-23 13:27:33] [Info] CLIメニューを終了します。
[2025-05-23 13:27:48] [Info] ユーザー管理メニューを選択しました。
[2025-05-23 13:27:51] [Info] ユーザー情報変更を選択しました。
[2025-05-23 13:27:56] [Info] ユーザー情報変更を選択しました。
[2025-05-23 13:28:37] [Info] ユーザー情報変更を選択しました。
[2025-05-23 13:29:48] [Info] ユーザー情報変更を選択しました。
[2025-05-23 13:29:50] [Warning] 無効な選択肢が入力されました: 
[2025-05-23 13:29:53] [Info] ユーザー管理サブメニューを終了し、メインメニューに戻ります。
[2025-05-23 13:29:55] [Info] ユーザー管理メニューを選択しました。
[2025-05-23 13:29:57] [Info] ユーザー情報変更を選択しました。
[2025-05-23 13:30:05] [Info] ユーザー管理サブメニューを終了し、メインメニューに戻ります。
[2025-05-23 13:30:06] [Info] CLIメニューを終了します。
[2025-05-23 13:30:23] [Info] ユーザー管理メニューを選択しました。
[2025-05-23 13:30:24] [Info] ユーザー情報変更を選択しました。
[2025-05-23 13:31:07] [Info] ユーザー情報変更を選択しました。
[2025-05-23 13:31:28] [Info] ユーザー管理サブメニューを終了し、メインメニューに戻ります。
[2025-05-23 13:31:31] [Info] CLIメニューを終了します。
[2025-05-23 13:31:45] [Info] ユーザー管理メニューを選択しました。
[2025-05-23 13:31:46] [Info] ユーザー情報変更を選択しました。
[2025-05-23 13:32:19] [Info] ユーザー情報変更を選択しました。
[2025-05-23 13:33:02] [Info] ユーザー情報変更を選択しました。
[2025-05-23 13:33:32] [Info] ユーザー管理サブメニューを終了し、メインメニューに戻ります。
[2025-05-23 13:33:33] [Info] CLIメニューを終了します。
[2025-05-23 13:34:19] [Info] ユーザー管理メニューを選択しました。
[2025-05-23 13:34:20] [Info] ユーザー情報変更を選択しました。
[2025-05-23 13:34:52] [Info] ユーザー情報変更を選択しました。
[2025-05-23 13:35:34] [Info] ユーザー管理サブメニューを終了し、メインメニューに戻ります。
[2025-05-23 13:35:37] [Info] CLIメニューを終了します。
[2025-05-23 13:42:30] [Info] ユーザー管理メニューを選択しました。
[2025-05-23 13:42:32] [Info] ユーザー情報変更を選択しました。
[2025-05-23 13:42:47] [Info] ユーザー情報変更を選択しました。
[2025-05-23 13:45:12] [Warning] 無効な選択肢が入力されました: 
[2025-05-23 13:45:14] [Info] ユーザー管理サブメニューを終了し、メインメニューに戻ります。
[2025-05-23 13:45:16] [Info] CLIメニューを終了します。
[2025-05-23 13:45:34] [Info] ユーザー管理メニューを選択しました。
[2025-05-23 13:45:35] [Info] ユーザー情報変更を選択しました。
[2025-05-23 13:45:55] [Info] ユーザー情報変更を選択しました。
[2025-05-23 13:57:05] [Warning] 無効な選択肢が入力されました: 
[2025-05-23 13:57:07] [Info] ユーザー管理サブメニューを終了し、メインメニューに戻ります。
[2025-05-23 13:57:09] [Info] CLIメニューを終了します。
[2025-05-23 13:57:24] [Info] ユーザー管理メニューを選択しました。
[2025-05-23 13:57:29] [Info] ユーザー情報変更を選択しました。
[2025-05-23 13:57:42] [Info] ユーザー情報変更を選択しました。
[2025-05-23 14:10:28] [Warning] 無効な選択肢が入力されました: 
[2025-05-23 14:10:31] [Info] ユーザー管理サブメニューを終了し、メインメニューに戻ります。
[2025-05-23 14:10:33] [Info] CLIメニューを終了します。
[2025-05-23 14:10:46] [Info] ユーザー管理メニューを選択しました。
[2025-05-23 14:10:48] [Info] ユーザー情報変更を選択しました。
[2025-05-23 14:11:09] [Info] ユーザー情報変更を選択しました。
[2025-05-23 14:18:44] [Info] ユーザー管理サブメニューを終了し、メインメニューに戻ります。
[2025-05-23 14:18:47] [Info] CLIメニューを終了します。
[2025-05-23 14:40:28] [Info] ユーザー管理メニューを選択しました。
[2025-05-23 14:40:30] [Info] ユーザー情報変更を選択しました。
[2025-05-23 14:40:40] [Info] ユーザー情報変更を選択しました。
[2025-05-23 14:41:20] [Info] ユーザー情報変更を選択しました。
[2025-05-23 14:42:55] [Warning] 無効な選択肢が入力されました: 
[2025-05-23 14:42:57] [Info] ユーザー管理サブメニューを終了し、メインメニューに戻ります。
[2025-05-23 14:52:55] [Info] CLIメニューを終了します。
[2025-05-23 14:53:10] [Info] ユーザー管理メニューを選択しました。
[2025-05-23 14:53:12] [Info] ユーザー情報変更を選択しました。
[2025-05-23 14:53:45] [Info] ユーザー情報変更を選択しました。
[2025-05-23 15:00:17] [Info] ユーザー管理サブメニューを終了し、メインメニューに戻ります。
[2025-05-23 15:00:19] [Info] CLIメニューを終了します。
[2025-05-23 15:00:44] [Info] ユーザー管理メニューを選択しました。
[2025-05-23 15:00:46] [Info] ユーザー情報変更を選択しました。
[2025-05-23 15:01:30] [Info] ユーザー情報変更を選択しました。
[2025-05-23 15:07:30] [Info] ユーザー管理メニューを選択しました。
[2025-05-23 15:07:32] [Info] ユーザー情報変更を選択しました。
[2025-05-23 15:09:27] [Info] ユーザー管理サブメニューを終了し、メインメニューに戻ります。
[2025-05-23 15:09:30] [Info] CLIメニューを終了します。
[2025-05-23 15:26:57] [Info] ユーザー管理メニューを選択しました。
[2025-05-23 15:27:00] [Info] ユーザー情報変更を選択しました。
[2025-05-23 15:28:41] [Info] ユーザー管理サブメニューを終了し、メインメニューに戻ります。
[2025-05-23 15:28:43] [Info] CLIメニューを終了します。
[2025-05-23 15:31:10] [Info] ユーザー管理メニューを選択しました。
[2025-05-23 15:31:11] [Info] ユーザー情報変更を選択しました。
[2025-05-23 15:31:54] [Warning] 無効な選択肢が入力されました: 
[2025-05-23 15:31:57] [Info] ユーザー管理サブメニューを終了し、メインメニューに戻ります。
[2025-05-23 15:31:58] [Info] CLIメニューを終了します。
[2025-05-23 15:33:29] [Info] ユーザー管理メニューを選択しました。
[2025-05-23 15:33:31] [Info] ユーザー情報変更を選択しました。
[2025-05-23 15:36:12] [Info] ユーザー管理メニューを選択しました。
[2025-05-23 15:36:13] [Info] ユーザー情報変更を選択しました。
[2025-05-23 15:38:31] [Info] ユーザー管理サブメニューを終了し、メインメニューに戻ります。
[2025-05-23 15:38:33] [Info] CLIメニューを終了します。
[2025-05-23 16:24:00] [Info] ユーザー管理メニューを選択しました。
[2025-05-23 16:24:01] [Info] ユーザー情報変更を選択しました。
[2025-05-23 16:24:08] [Info] ユーザー情報変更を選択しました。
[2025-05-23 16:24:49] [Info] ユーザー情報変更を選択しました。
[2025-05-23 16:25:56] [Info] ユーザー管理サブメニューを終了し、メインメニューに戻ります。
[2025-05-23 16:25:59] [Info] CLIメニューを終了します。
[2025-05-23 16:28:24] [Info] ユーザー管理メニューを選択しました。
[2025-05-23 16:28:25] [Info] ユーザー情報変更を選択しました。
[2025-05-23 16:33:15] [Info] ユーザー管理メニューを選択しました。
[2025-05-23 16:33:16] [Info] ユーザー情報変更を選択しました。
[2025-05-23 16:34:27] [Info] ユーザー情報変更を選択しました。
[2025-05-23 16:34:57] [Info] ユーザー情報変更を選択しました。
[2025-05-23 16:36:10] [Info] ユーザー情報変更を選択しました。
[2025-05-23 16:51:29] [Info] 新規ユーザー作成を選択しました。
[2025-05-23 16:51:44] [Warning] 無効な選択肢が入力されました: 
[2025-05-23 16:51:52] [Info] ユーザー管理サブメニューを終了し、メインメニューに戻ります。
[2025-05-23 16:51:56] [Info] グループ管理メニューを選択しました。
[2025-05-23 16:52:03] [Info] グループ管理サブメニューを終了し、メインメニューに戻ります。
[2025-05-23 16:52:05] [Info] ユーザー管理メニューを選択しました。
[2025-05-23 16:52:12] [Info] ユーザー管理サブメニューを終了し、メインメニューに戻ります。
[2025-05-23 16:58:12] [Info] CLIメニューを終了します。
[2025-05-23 17:06:57] [Info] ADユーザー管理メニューを選択しました。AD管理者で操作中。
[2025-05-23 17:07:42] [Info] CLIメニューを終了します。
[2025-05-23 17:09:52] [Info] ADユーザー管理メニューを選択しました。AD管理者で操作中。
[2025-05-23 17:10:03] [Info] ADユーザー管理メニューを選択しました。AD管理者で操作中。
[2025-05-23 17:10:32] [Info] ADユーザー管理メニューを選択しました。AD管理者で操作中。
[2025-05-23 17:13:02] [Info] ADユーザー管理メニューを選択しました。AD管理者で操作中。
[2025-05-23 17:13:05] [Info] CLIメニューを終了します。
[2025-05-23 17:15:22] [Info] CLIメニューを終了します。
[2025-05-23 17:15:45] [Info] ADユーザー管理メニューを選択しました。AD管理者で操作中。
[2025-05-23 17:16:46] [Info] CLIメニューを終了します。
[2025-05-23 17:18:24] [Info] ADユーザー管理メニューを選択しました。AD管理者で操作中。
[2025-05-23 17:18:46] [Info] ADユーザー管理メニューを選択しました。AD管理者で操作中。
[2025-05-23 17:20:17] [Info] CLIメニューを終了します。
[2025-05-23 17:21:42] [Info] ADユーザー管理メニューを選択しました。AD管理者で操作中。
[2025-05-23 17:22:42] [Info] ADユーザー管理メニューを選択しました。AD管理者で操作中。
[2025-05-23 17:22:53] [Info] CLIメニューを終了します。
[2025-05-23 17:29:07] [Info] ADユーザー管理メニューを選択しました。AD管理者で操作中。
[2025-05-23 17:33:26] [Info] CLIメニューを終了します。
[2025-05-23 17:33:47] [Info] ADユーザー管理メニューを選択しました。AD管理者で操作中。
[2025-05-23 17:35:10] [Info] ADユーザー管理メニューを選択しました。AD管理者で操作中。
[2025-05-23 17:35:36] [Info] CLIメニューを終了します。
[2025-05-23 17:38:24] [Info] ADユーザー管理メニューを選択しました。AD管理者で操作中。
[2025-05-23 17:40:00] [Info] CLIメニューを終了します。
[2025-05-23 17:41:30] [Info] ADユーザー管理メニューを選択しました。AD管理者で操作中。
[2025-05-23 17:52:19] [Info] CLIメニューを終了します。
[2025-05-23 17:52:39] [Info] ADユーザー管理メニューを選択しました。AD管理者で操作中。
[2025-05-23 17:54:41] [Info] CLIメニューを終了します。
[2025-05-23 18:01:39] [Info] ADユーザー管理メニューを選択しました。AD管理者で操作中。
[2025-05-23 18:02:45] [Info] ADユーザー管理メニューを選択しました。AD管理者で操作中。
[2025-05-23 18:03:30] [Info] ADグループ管理メニューを選択しました。AD管理者で操作中。
[2025-05-23 18:14:41] [Info] CLIメニューを終了します。
