[2025-05-24 14:49:08] [Info] Successfully loaded and secured secrets from .\Config\secrets.enc.json
[2025-05-24 14:49:08] [Info] Successfully loaded and secured secrets from .\Config\secrets.enc.json
[2025-05-24 16:48:52] [Info] Successfully loaded and secured secrets from E:\MicrosoftAutoMationManagementTools\Config\secrets.enc.json
[2025-05-24 16:50:25] [Info] Successfully loaded and secured secrets from E:\MicrosoftAutoMationManagementTools\Config\secrets.enc.json
[2025-05-24 16:52:46] [Info] Successfully loaded and secured secrets from E:\MicrosoftAutoMationManagementTools\Config\secrets.enc.json
[2025-05-24 16:55:32] [Info] Successfully loaded and secured secrets from E:\MicrosoftAutoMationManagementTools\Config\secrets.enc.json
[2025-05-24 16:58:44] [Info] Successfully loaded and secured secrets from E:\MicrosoftAutoMationManagementTools\Config\secrets.enc.json
[2025-05-24 17:06:24] [Audit] 認証成功: Graph
[2025-05-24 17:12:51] [Audit] 認証成功: Graph
[2025-05-24 17:16:57] [Audit] 認証成功: Graph
[2025-05-24 17:17:50] [Audit] 認証成功: Graph
[2025-05-24 17:22:10] [Audit] 認証成功: Graph
[2025-05-24 17:28:02] [Audit] 認証成功: Graph
[2025-05-24 17:30:12] [Audit] 認証成功: Graph
[2025-05-24 17:50:18] [Audit] 認証成功: Graph
=== Log Entry ===
Timestamp: 2025-05-24 17:54:55
Level: Audit
Message: 認証成功: Graph
LogDirectory: Logs
CallStack: 
Command              Arguments                                                                                                             Location   
-------              ---------                                                                                                             --------   
Write-Log            {Message=認証成功: Graph, Level=Audit, LogDirectory=Logs}                                                                 Logging....
Get-UnifiedAuthToken {AuthType=Graph, Credential=System.Management.Automation.PSCredential, TenantId=a7232f7a-a9e5-4f71-9372-dc8b1c6645ea} Authenti...
MainCliMenu.ps1      {}                                                                                                                    MainCliM...
<ScriptBlock>        {}                                                                                                                    <No file>  



================
=== Log Entry ===
Timestamp: 2025-05-24 17:57:43
Level: Audit
Message: 認証成功: Graph
LogDirectory: Logs
CallStack: 
Command              Arguments                                                                                                             Location   
-------              ---------                                                                                                             --------   
Write-Log            {Message=認証成功: Graph, Level=Audit, LogDirectory=Logs}                                                                 Logging....
Get-UnifiedAuthToken {AuthType=Graph, Credential=System.Management.Automation.PSCredential, TenantId=a7232f7a-a9e5-4f71-9372-dc8b1c6645ea} Authenti...
MainCliMenu.ps1      {}                                                                                                                    MainCliM...
<ScriptBlock>        {}                                                                                                                    <No file>  



================
=== Log Entry ===
Timestamp: 2025-05-24 18:00:59
Level: Audit
Message: 認証成功: Graph
LogDirectory: Logs
CallStack: 
Command              Arguments                                                                                                             Location   
-------              ---------                                                                                                             --------   
Write-Log            {Message=認証成功: Graph, Level=Audit, LogDirectory=Logs}                                                                 Logging....
Get-UnifiedAuthToken {AuthType=Graph, Credential=System.Management.Automation.PSCredential, TenantId=a7232f7a-a9e5-4f71-9372-dc8b1c6645ea} Authenti...
MainCliMenu.ps1      {}                                                                                                                    MainCliM...
<ScriptBlock>        {}                                                                                                                    <No file>  



================
=== Log Entry ===
Timestamp: 2025-05-24 18:06:18
Level: Audit
Message: 認証成功: Graph
LogDirectory: Logs
CallStack: 
Command              Arguments                                                                                                             Location   
-------              ---------                                                                                                             --------   
Write-Log            {Message=認証成功: Graph, Level=Audit, LogDirectory=Logs}                                                                 Logging....
Get-UnifiedAuthToken {AuthType=Graph, Credential=System.Management.Automation.PSCredential, TenantId=a7232f7a-a9e5-4f71-9372-dc8b1c6645ea} Authenti...
MainCliMenu.ps1      {}                                                                                                                    MainCliM...
<ScriptBlock>        {}                                                                                                                    <No file>  



================
=== Log Entry ===
Timestamp: 2025-05-24 18:11:20
Level: Audit
Message: 認証成功: Graph
LogDirectory: Logs
CallStack: 
Command              Arguments                                                                                                             Location   
-------              ---------                                                                                                             --------   
Write-Log            {Message=認証成功: Graph, Level=Audit, LogDirectory=Logs}                                                                 Logging....
Get-UnifiedAuthToken {AuthType=Graph, Credential=System.Management.Automation.PSCredential, TenantId=a7232f7a-a9e5-4f71-9372-dc8b1c6645ea} Authenti...
MainCliMenu.ps1      {}                                                                                                                    MainCliM...
<ScriptBlock>        {}                                                                                                                    <No file>  



================
=== Log Entry ===
Timestamp: 2025-05-24 18:16:11
Level: Audit
Message: 認証成功: Graph
LogDirectory: Logs
CallStack: 
Command              Arguments                                                                                                             Location   
-------              ---------                                                                                                             --------   
Write-Log            {Message=認証成功: Graph, Level=Audit, LogDirectory=Logs}                                                                 Logging....
Get-UnifiedAuthToken {AuthType=Graph, Credential=System.Management.Automation.PSCredential, TenantId=a7232f7a-a9e5-4f71-9372-dc8b1c6645ea} Authenti...
MainCliMenu.ps1      {}                                                                                                                    MainCliM...
<ScriptBlock>        {}                                                                                                                    <No file>  



================
=== Log Entry ===
Timestamp: 2025-05-24 18:21:48
Level: Audit
Message: 認証成功: Graph
LogDirectory: Logs
CallStack: 
Command              Arguments                                                                                                             Location   
-------              ---------                                                                                                             --------   
Write-Log            {Message=認証成功: Graph, Level=Audit, LogDirectory=Logs}                                                                 Logging....
Get-UnifiedAuthToken {AuthType=Graph, Credential=System.Management.Automation.PSCredential, TenantId=a7232f7a-a9e5-4f71-9372-dc8b1c6645ea} Authenti...
MainCliMenu.ps1      {}                                                                                                                    MainCliM...
<ScriptBlock>        {}                                                                                                                    <No file>  



================
=== Log Entry ===
Timestamp: 2025-05-24 18:39:59
Level: Audit
Message: 認証成功: Graph
LogDirectory: Logs
CallStack: 
Command              Arguments                                                                                                             Location   
-------              ---------                                                                                                             --------   
Write-Log            {Message=認証成功: Graph, Level=Audit, LogDirectory=Logs}                                                                 Logging....
Get-UnifiedAuthToken {AuthType=Graph, Credential=System.Management.Automation.PSCredential, TenantId=a7232f7a-a9e5-4f71-9372-dc8b1c6645ea} Authenti...
MainCliMenu.ps1      {}                                                                                                                    MainCliM...
<ScriptBlock>        {}                                                                                                                    <No file>  



================
=== Log Entry ===
Timestamp: 2025-05-24 18:46:37
Level: Audit
Message: 認証成功: Graph
LogDirectory: Logs
CallStack: 
Command              Arguments                                                                                                             Location   
-------              ---------                                                                                                             --------   
Write-Log            {Message=認証成功: Graph, Level=Audit, LogDirectory=Logs}                                                                 Logging....
Get-UnifiedAuthToken {AuthType=Graph, Credential=System.Management.Automation.PSCredential, TenantId=a7232f7a-a9e5-4f71-9372-dc8b1c6645ea} Authenti...
MainCliMenu.ps1      {}                                                                                                                    MainCliM...
<ScriptBlock>        {}                                                                                                                    <No file>  



================
=== Log Entry ===
Timestamp: 2025-05-24 18:48:39
Level: Audit
Message: 認証成功: Graph
LogDirectory: Logs
CallStack: 
Command              Arguments                                                                                                             Location   
-------              ---------                                                                                                             --------   
Write-Log            {Message=認証成功: Graph, Level=Audit, LogDirectory=Logs}                                                                 Logging....
Get-UnifiedAuthToken {AuthType=Graph, Credential=System.Management.Automation.PSCredential, TenantId=a7232f7a-a9e5-4f71-9372-dc8b1c6645ea} Authenti...
MainCliMenu.ps1      {}                                                                                                                    MainCliM...
<ScriptBlock>        {}                                                                                                                    <No file>  



================
=== Log Entry ===
Timestamp: 2025-05-24 18:55:27
Level: Audit
Message: 認証成功: Graph
LogDirectory: Logs
CallStack: 
Command              Arguments                                                                                                             Location   
-------              ---------                                                                                                             --------   
Write-Log            {Message=認証成功: Graph, Level=Audit, LogDirectory=Logs}                                                                 Logging....
Get-UnifiedAuthToken {AuthType=Graph, Credential=System.Management.Automation.PSCredential, TenantId=a7232f7a-a9e5-4f71-9372-dc8b1c6645ea} Authenti...
MainCliMenu.ps1      {}                                                                                                                    MainCliM...
<ScriptBlock>        {}                                                                                                                    <No file>  



================
=== Log Entry ===
Timestamp: 2025-05-24 19:23:11
Level: Audit
Message: 認証成功: Graph
LogDirectory: Logs
CallStack: 
Command              Arguments                                                                                                             Location   
-------              ---------                                                                                                             --------   
Write-Log            {Message=認証成功: Graph, Level=Audit, LogDirectory=Logs}                                                                 Logging....
Get-UnifiedAuthToken {AuthType=Graph, Credential=System.Management.Automation.PSCredential, TenantId=a7232f7a-a9e5-4f71-9372-dc8b1c6645ea} Authenti...
MainCliMenu.ps1      {}                                                                                                                    MainCliM...
<ScriptBlock>        {}                                                                                                                    <No file>  



================
=== Log Entry ===
Timestamp: 2025-05-24 19:26:33
Level: Audit
Message: 認証成功: Graph
LogDirectory: Logs
CallStack: 
Command              Arguments                                                                                                             Location   
-------              ---------                                                                                                             --------   
Write-Log            {Message=認証成功: Graph, Level=Audit, LogDirectory=Logs}                                                                 Logging....
Get-UnifiedAuthToken {AuthType=Graph, Credential=System.Management.Automation.PSCredential, TenantId=a7232f7a-a9e5-4f71-9372-dc8b1c6645ea} Authenti...
MainCliMenu.ps1      {}                                                                                                                    MainCliM...
<ScriptBlock>        {}                                                                                                                    <No file>  



================
=== Log Entry ===
Timestamp: 2025-05-24 19:32:00
Level: Audit
Message: 認証成功: Graph
LogDirectory: Logs
CallStack: 
Command              Arguments                                                                                                             Location   
-------              ---------                                                                                                             --------   
Write-Log            {Message=認証成功: Graph, Level=Audit, LogDirectory=Logs}                                                                 Logging....
Get-UnifiedAuthToken {AuthType=Graph, Credential=System.Management.Automation.PSCredential, TenantId=a7232f7a-a9e5-4f71-9372-dc8b1c6645ea} Authenti...
MainCliMenu.ps1      {}                                                                                                                    MainCliM...
<ScriptBlock>        {}                                                                                                                    <No file>  



================
